2023-02-06 12:40:16,030 INFO c.s.Main [main] 22
2023-02-06 12:40:16,033 INFO c.s.Main [main] Grant
2023-02-06 12:40:16,033 INFO c.s.Main [main] grant.george@gmail.com
2023-02-06 12:40:16,033 INFO c.s.Main [main] George B.
2023-02-06 12:40:16,038 INFO c.s.Main [main] Karl
2023-02-06 12:40:16,038 INFO c.s.Main [main]  Benz
2023-02-06 12:40:16,038 INFO c.s.Main [main] 20
2023-02-06 12:40:16,038 INFO c.s.Main [main] lolita@123.gmail.com
2023-02-06 12:40:16,038 INFO c.s.Main [main] Thomas Alva 
2023-02-06 12:40:16,038 INFO c.s.Main [main] Edison
2023-02-06 12:40:16,039 INFO c.s.Main [main] 23
2023-02-06 12:40:16,039 INFO c.s.Main [main] t.edison@yahoo.com
2023-02-06 12:40:16,040 INFO c.s.Main [main] George B.
2023-02-06 12:40:16,040 INFO c.s.Main [main] Grant
2023-02-06 12:40:16,040 INFO c.s.Main [main] 22
2023-02-06 12:40:16,040 INFO c.s.Main [main] grant.george@gmail.com
2023-02-06 12:40:16,041 INFO c.s.Main [main] Mindia
2023-02-06 12:40:16,041 INFO c.s.Main [main] Jikia
2023-02-06 12:40:16,041 INFO c.s.Main [main] 35
2023-02-06 12:40:16,041 INFO c.s.Main [main] jikia109@mail.ru
2023-02-06 12:40:16,041 INFO c.s.Main [main] Elijah
2023-02-06 12:40:16,042 INFO c.s.Main [main] James
2023-02-06 12:40:16,042 INFO c.s.Main [main] 20
2023-02-06 12:40:16,042 INFO c.s.Main [main] elijah18McCoy@edu.com
2023-02-06 12:40:16,046 INFO c.s.d.m.StudentsDao [main] update info please
