2023-02-06 13:10:25,108 INFO c.s.Main [main] 22
2023-02-06 13:10:25,111 INFO c.s.Main [main] Grant
2023-02-06 13:10:25,111 INFO c.s.Main [main] grant.george@gmail.com
2023-02-06 13:10:25,111 INFO c.s.Main [main] George B.
2023-02-06 13:10:25,114 INFO c.s.Main [main] Karl
2023-02-06 13:10:25,114 INFO c.s.Main [main]  Benz
2023-02-06 13:10:25,114 INFO c.s.Main [main] 20
2023-02-06 13:10:25,114 INFO c.s.Main [main] lolita@123.gmail.com
2023-02-06 13:10:25,114 INFO c.s.Main [main] Thomas Alva 
2023-02-06 13:10:25,115 INFO c.s.Main [main] Edison
2023-02-06 13:10:25,115 INFO c.s.Main [main] 23
2023-02-06 13:10:25,115 INFO c.s.Main [main] t.edison@yahoo.com
2023-02-06 13:10:25,115 INFO c.s.Main [main] George B.
2023-02-06 13:10:25,115 INFO c.s.Main [main] Grant
2023-02-06 13:10:25,115 INFO c.s.Main [main] 22
2023-02-06 13:10:25,116 INFO c.s.Main [main] grant.george@gmail.com
2023-02-06 13:10:25,116 INFO c.s.Main [main] Mindia
2023-02-06 13:10:25,116 INFO c.s.Main [main] Jikia
2023-02-06 13:10:25,116 INFO c.s.Main [main] 35
2023-02-06 13:10:25,116 INFO c.s.Main [main] jikia109@mail.ru
2023-02-06 13:10:25,121 INFO c.s.d.m.StudentsDao [main] update info please
