2023-01-19 12:09:54,150 INFO c.s.p.DOMLoop [main] Root Element :students
2023-01-19 12:09:54,152 INFO c.s.p.DOMLoop [main] ------
2023-01-19 12:09:54,152 INFO c.s.p.DOMLoop [main] 
Node Name =students [OPEN]
2023-01-19 12:09:54,153 INFO c.s.p.DOMLoop [main] Node Value =
    
        Karl
        Benz
        karlbenz@gmail.com
        29
    

    
        Thomas Alva
        Edison
        t.edison@yahoo.com
        25
    

    
        George B
        Grant
        grant.george@gmail.com
        23
    

2023-01-19 12:09:54,154 INFO c.s.p.DOMLoop [main] 
Node Name =student [OPEN]
2023-01-19 12:09:54,164 INFO c.s.p.DOMLoop [main] Node Value =
        Karl
        Benz
        karlbenz@gmail.com
        29
    
2023-01-19 12:09:54,164 INFO c.s.p.DOMLoop [main] 
Node Name =firstname [OPEN]
2023-01-19 12:09:54,164 INFO c.s.p.DOMLoop [main] Node Value =Karl
2023-01-19 12:09:54,164 INFO c.s.p.DOMLoop [main] 
Node Name =lastname [OPEN]
2023-01-19 12:09:54,165 INFO c.s.p.DOMLoop [main] Node Value =Benz
2023-01-19 12:09:54,165 INFO c.s.p.DOMLoop [main] 
Node Name =email [OPEN]
2023-01-19 12:09:54,165 INFO c.s.p.DOMLoop [main] Node Value =karlbenz@gmail.com
2023-01-19 12:09:54,165 INFO c.s.p.DOMLoop [main] 
Node Name =age [OPEN]
2023-01-19 12:09:54,165 INFO c.s.p.DOMLoop [main] Node Value =29
2023-01-19 12:09:54,165 INFO c.s.p.DOMLoop [main] 
Node Name =student [OPEN]
2023-01-19 12:09:54,165 INFO c.s.p.DOMLoop [main] Node Value =
        Thomas Alva
        Edison
        t.edison@yahoo.com
        25
    
2023-01-19 12:09:54,166 INFO c.s.p.DOMLoop [main] 
Node Name =firstname [OPEN]
2023-01-19 12:09:54,166 INFO c.s.p.DOMLoop [main] Node Value =Thomas Alva
2023-01-19 12:09:54,166 INFO c.s.p.DOMLoop [main] 
Node Name =lastname [OPEN]
2023-01-19 12:09:54,166 INFO c.s.p.DOMLoop [main] Node Value =Edison
2023-01-19 12:09:54,166 INFO c.s.p.DOMLoop [main] 
Node Name =email [OPEN]
2023-01-19 12:09:54,166 INFO c.s.p.DOMLoop [main] Node Value =t.edison@yahoo.com
2023-01-19 12:09:54,166 INFO c.s.p.DOMLoop [main] 
Node Name =age [OPEN]
2023-01-19 12:09:54,166 INFO c.s.p.DOMLoop [main] Node Value =25
2023-01-19 12:09:54,167 INFO c.s.p.DOMLoop [main] 
Node Name =student [OPEN]
2023-01-19 12:09:54,167 INFO c.s.p.DOMLoop [main] Node Value =
        George B
        Grant
        grant.george@gmail.com
        23
    
2023-01-19 12:09:54,167 INFO c.s.p.DOMLoop [main] 
Node Name =firstname [OPEN]
2023-01-19 12:09:54,167 INFO c.s.p.DOMLoop [main] Node Value =George B
2023-01-19 12:09:54,167 INFO c.s.p.DOMLoop [main] 
Node Name =lastname [OPEN]
2023-01-19 12:09:54,167 INFO c.s.p.DOMLoop [main] Node Value =Grant
2023-01-19 12:09:54,167 INFO c.s.p.DOMLoop [main] 
Node Name =email [OPEN]
2023-01-19 12:09:54,167 INFO c.s.p.DOMLoop [main] Node Value =grant.george@gmail.com
2023-01-19 12:09:54,168 INFO c.s.p.DOMLoop [main] 
Node Name =age [OPEN]
2023-01-19 12:09:54,168 INFO c.s.p.DOMLoop [main] Node Value =23
