2023-02-06 13:15:45,516 INFO c.s.Main [main] 22
2023-02-06 13:15:45,518 INFO c.s.Main [main] Grant
2023-02-06 13:15:45,519 INFO c.s.Main [main] grant.george@gmail.com
2023-02-06 13:15:45,519 INFO c.s.Main [main] George B.
2023-02-06 13:15:45,521 INFO c.s.Main [main] Giordano
2023-02-06 13:15:45,522 INFO c.s.Main [main] Brunno
2023-02-06 13:15:45,522 INFO c.s.Main [main] 35
2023-02-06 13:15:45,522 INFO c.s.Main [main] lola@123.gmail.com
2023-02-06 13:15:45,522 INFO c.s.Main [main] Thomas Alva 
2023-02-06 13:15:45,522 INFO c.s.Main [main] Edison
2023-02-06 13:15:45,522 INFO c.s.Main [main] 23
2023-02-06 13:15:45,523 INFO c.s.Main [main] t.edison@yahoo.com
2023-02-06 13:15:45,523 INFO c.s.Main [main] George B.
2023-02-06 13:15:45,523 INFO c.s.Main [main] Grant
2023-02-06 13:15:45,523 INFO c.s.Main [main] 22
2023-02-06 13:15:45,523 INFO c.s.Main [main] grant.george@gmail.com
2023-02-06 13:15:45,523 INFO c.s.Main [main] Mindia
2023-02-06 13:15:45,523 INFO c.s.Main [main] Jikia
2023-02-06 13:15:45,523 INFO c.s.Main [main] 35
2023-02-06 13:15:45,523 INFO c.s.Main [main] jikia109@mail.ru
