2023-02-06 13:16:23,648 INFO c.s.Main [main] 22
2023-02-06 13:16:23,650 INFO c.s.Main [main] Grant
2023-02-06 13:16:23,651 INFO c.s.Main [main] grant.george@gmail.com
2023-02-06 13:16:23,651 INFO c.s.Main [main] George B.
2023-02-06 13:16:23,653 INFO c.s.Main [main] Giordano
2023-02-06 13:16:23,654 INFO c.s.Main [main] Brunno
2023-02-06 13:16:23,654 INFO c.s.Main [main] 35
2023-02-06 13:16:23,654 INFO c.s.Main [main] lola@123.gmail.com
2023-02-06 13:16:23,654 INFO c.s.Main [main] Thomas Alva 
2023-02-06 13:16:23,654 INFO c.s.Main [main] Edison
2023-02-06 13:16:23,654 INFO c.s.Main [main] 23
2023-02-06 13:16:23,655 INFO c.s.Main [main] t.edison@yahoo.com
2023-02-06 13:16:23,655 INFO c.s.Main [main] George B.
2023-02-06 13:16:23,655 INFO c.s.Main [main] Grant
2023-02-06 13:16:23,655 INFO c.s.Main [main] 22
2023-02-06 13:16:23,655 INFO c.s.Main [main] grant.george@gmail.com
2023-02-06 13:16:23,655 INFO c.s.Main [main] Mindia
2023-02-06 13:16:23,655 INFO c.s.Main [main] Jikia
2023-02-06 13:16:23,655 INFO c.s.Main [main] 35
2023-02-06 13:16:23,656 INFO c.s.Main [main] jikia109@mail.ru
