2023-01-19 12:16:03,425 INFO c.s.p.DOMLoop [main] Root Element :students
2023-01-19 12:16:03,427 INFO c.s.p.DOMLoop [main] ------
2023-01-19 12:16:03,428 INFO c.s.p.DOMLoop [main] 
Node Name =students [OPEN]
2023-01-19 12:16:03,428 INFO c.s.p.DOMLoop [main] Node Value =
    
        Karl
        Benz
        karlbenz@gmail.com
        29
    

    
        Thomas Alva
        Edison
        t.edison@yahoo.com
        25
    

    
        George B
        Grant
        grant.george@gmail.com
        23
    

2023-01-19 12:16:03,429 INFO c.s.p.DOMLoop [main] 
Node Name =student [OPEN]
2023-01-19 12:16:03,439 INFO c.s.p.DOMLoop [main] Node Value =
        Karl
        Benz
        karlbenz@gmail.com
        29
    
2023-01-19 12:16:03,439 INFO c.s.p.DOMLoop [main] attr name : id
2023-01-19 12:16:03,440 INFO c.s.p.DOMLoop [main] attr value : 1
2023-01-19 12:16:03,440 INFO c.s.p.DOMLoop [main] 
Node Name =firstname [OPEN]
2023-01-19 12:16:03,440 INFO c.s.p.DOMLoop [main] Node Value =Karl
2023-01-19 12:16:03,440 INFO c.s.p.DOMLoop [main] Node Name =firstname [CLOSE]
2023-01-19 12:16:03,441 INFO c.s.p.DOMLoop [main] 
Node Name =lastname [OPEN]
2023-01-19 12:16:03,441 INFO c.s.p.DOMLoop [main] Node Value =Benz
2023-01-19 12:16:03,441 INFO c.s.p.DOMLoop [main] Node Name =lastname [CLOSE]
2023-01-19 12:16:03,441 INFO c.s.p.DOMLoop [main] 
Node Name =email [OPEN]
2023-01-19 12:16:03,441 INFO c.s.p.DOMLoop [main] Node Value =karlbenz@gmail.com
2023-01-19 12:16:03,441 INFO c.s.p.DOMLoop [main] Node Name =email [CLOSE]
2023-01-19 12:16:03,442 INFO c.s.p.DOMLoop [main] 
Node Name =age [OPEN]
2023-01-19 12:16:03,442 INFO c.s.p.DOMLoop [main] Node Value =29
2023-01-19 12:16:03,442 INFO c.s.p.DOMLoop [main] Node Name =age [CLOSE]
2023-01-19 12:16:03,442 INFO c.s.p.DOMLoop [main] Node Name =student [CLOSE]
2023-01-19 12:16:03,442 INFO c.s.p.DOMLoop [main] 
Node Name =student [OPEN]
2023-01-19 12:16:03,443 INFO c.s.p.DOMLoop [main] Node Value =
        Thomas Alva
        Edison
        t.edison@yahoo.com
        25
    
2023-01-19 12:16:03,443 INFO c.s.p.DOMLoop [main] attr name : id
2023-01-19 12:16:03,443 INFO c.s.p.DOMLoop [main] attr value : 2
2023-01-19 12:16:03,443 INFO c.s.p.DOMLoop [main] 
Node Name =firstname [OPEN]
2023-01-19 12:16:03,443 INFO c.s.p.DOMLoop [main] Node Value =Thomas Alva
2023-01-19 12:16:03,443 INFO c.s.p.DOMLoop [main] Node Name =firstname [CLOSE]
2023-01-19 12:16:03,444 INFO c.s.p.DOMLoop [main] 
Node Name =lastname [OPEN]
2023-01-19 12:16:03,444 INFO c.s.p.DOMLoop [main] Node Value =Edison
2023-01-19 12:16:03,444 INFO c.s.p.DOMLoop [main] Node Name =lastname [CLOSE]
2023-01-19 12:16:03,444 INFO c.s.p.DOMLoop [main] 
Node Name =email [OPEN]
2023-01-19 12:16:03,444 INFO c.s.p.DOMLoop [main] Node Value =t.edison@yahoo.com
2023-01-19 12:16:03,444 INFO c.s.p.DOMLoop [main] Node Name =email [CLOSE]
2023-01-19 12:16:03,444 INFO c.s.p.DOMLoop [main] 
Node Name =age [OPEN]
2023-01-19 12:16:03,445 INFO c.s.p.DOMLoop [main] Node Value =25
2023-01-19 12:16:03,445 INFO c.s.p.DOMLoop [main] Node Name =age [CLOSE]
2023-01-19 12:16:03,445 INFO c.s.p.DOMLoop [main] Node Name =student [CLOSE]
2023-01-19 12:16:03,445 INFO c.s.p.DOMLoop [main] 
Node Name =student [OPEN]
2023-01-19 12:16:03,445 INFO c.s.p.DOMLoop [main] Node Value =
        George B
        Grant
        grant.george@gmail.com
        23
    
2023-01-19 12:16:03,446 INFO c.s.p.DOMLoop [main] attr name : id
2023-01-19 12:16:03,446 INFO c.s.p.DOMLoop [main] attr value : 3
2023-01-19 12:16:03,446 INFO c.s.p.DOMLoop [main] 
Node Name =firstname [OPEN]
2023-01-19 12:16:03,446 INFO c.s.p.DOMLoop [main] Node Value =George B
2023-01-19 12:16:03,446 INFO c.s.p.DOMLoop [main] Node Name =firstname [CLOSE]
2023-01-19 12:16:03,446 INFO c.s.p.DOMLoop [main] 
Node Name =lastname [OPEN]
2023-01-19 12:16:03,446 INFO c.s.p.DOMLoop [main] Node Value =Grant
2023-01-19 12:16:03,446 INFO c.s.p.DOMLoop [main] Node Name =lastname [CLOSE]
2023-01-19 12:16:03,446 INFO c.s.p.DOMLoop [main] 
Node Name =email [OPEN]
2023-01-19 12:16:03,447 INFO c.s.p.DOMLoop [main] Node Value =grant.george@gmail.com
2023-01-19 12:16:03,447 INFO c.s.p.DOMLoop [main] Node Name =email [CLOSE]
2023-01-19 12:16:03,447 INFO c.s.p.DOMLoop [main] 
Node Name =age [OPEN]
2023-01-19 12:16:03,447 INFO c.s.p.DOMLoop [main] Node Value =23
2023-01-19 12:16:03,447 INFO c.s.p.DOMLoop [main] Node Name =age [CLOSE]
2023-01-19 12:16:03,447 INFO c.s.p.DOMLoop [main] Node Name =student [CLOSE]
2023-01-19 12:16:03,447 INFO c.s.p.DOMLoop [main] Node Name =students [CLOSE]
